<?xml version="1.0" encoding="UTF-8"?>
<!-- Generated by org.testng.reporters.JUnitReportReporter -->
<testsuite skipped="0" hostname="WL304683" name="windows.MultipleWindow3" tests="1" failures="0" timestamp="17 Mar 2019 13:46:22 GMT" time="8.197" errors="0">
  <testcase name="OpneWindows" time="8.197" classname="windows.MultipleWindow3"/>
</testsuite> <!-- windows.MultipleWindow3 -->
