<?xml version="1.0" encoding="UTF-8"?>
<!-- Generated by org.testng.reporters.JUnitReportReporter -->
<testsuite skipped="0" hostname="WL304683" name="selenium.IdetifyAllLinks" tests="1" failures="0" timestamp="11 Mar 2019 16:27:08 GMT" time="13.325" errors="0">
  <testcase name="Login" time="13.325" classname="selenium.IdetifyAllLinks"/>
</testsuite> <!-- selenium.IdetifyAllLinks -->
