<?xml version="1.0" encoding="UTF-8"?>
<!-- Generated by org.testng.reporters.JUnitReportReporter -->
<testsuite skipped="0" hostname="WL304683" name="asserts.TestNG_Asserts" tests="1" failures="0" timestamp="14 Mar 2019 17:30:12 GMT" time="38.606" errors="0">
  <testcase name="testCaseVerifyHomePage" time="38.606" classname="asserts.TestNG_Asserts"/>
</testsuite> <!-- asserts.TestNG_Asserts -->
