<?xml version="1.0" encoding="UTF-8"?>
<!-- Generated by org.testng.reporters.JUnitReportReporter -->
<testsuite skipped="0" hostname="WL304683" name="frameworks.SampleTest" tests="1" failures="0" timestamp="22 Apr 2019 09:54:41 GMT" time="24.531" errors="0">
  <testcase name="testCase1" time="24.531" classname="frameworks.SampleTest"/>
</testsuite> <!-- frameworks.SampleTest -->
