<?xml version="1.0" encoding="UTF-8"?>
<!-- Generated by org.testng.reporters.JUnitReportReporter -->
<testsuite skipped="0" hostname="WL304683" name="vikas.Day19WebdriverListeners" tests="1" failures="0" timestamp="20 Apr 2019 18:08:31 GMT" time="18.284" errors="0">
  <testcase name="test1" time="18.284" classname="vikas.Day19WebdriverListeners"/>
</testsuite> <!-- vikas.Day19WebdriverListeners -->
