<?xml version="1.0" encoding="UTF-8"?>
<!-- Generated by org.testng.reporters.JUnitReportReporter -->
<testsuite skipped="0" hostname="WL304683" name="vikas.Day17UploadFileDemoNonStandard" tests="1" failures="0" timestamp="19 Apr 2019 20:52:21 GMT" time="54.626" errors="0">
  <testcase name="testCase1" time="54.626" classname="vikas.Day17UploadFileDemoNonStandard"/>
</testsuite> <!-- vikas.Day17UploadFileDemoNonStandard -->
