<?xml version="1.0" encoding="UTF-8"?>
<!-- Generated by org.testng.reporters.JUnitReportReporter -->
<testsuite skipped="0" hostname="WL304683" name="vikas.Day14MouseOverExample" tests="1" failures="0" timestamp="19 Apr 2019 10:58:46 GMT" time="5.241" errors="0">
  <testcase name="testsubnavMenuMen" time="5.241" classname="vikas.Day14MouseOverExample"/>
</testsuite> <!-- vikas.Day14MouseOverExample -->
