<?xml version="1.0" encoding="UTF-8"?>
<!-- Generated by org.testng.reporters.JUnitReportReporter -->
<testsuite skipped="0" hostname="WL304683" name="vikas.Day14ActionAPI2" tests="1" failures="0" timestamp="19 Sep 2019 04:08:08 GMT" time="5.769" errors="0">
  <testcase name="testsubnavMenuMen" time="5.769" classname="vikas.Day14ActionAPI2"/>
</testsuite> <!-- vikas.Day14ActionAPI2 -->
