<?xml version="1.0" encoding="UTF-8"?>
<!-- Generated by org.testng.reporters.JUnitReportReporter -->
<testsuite skipped="0" hostname="WL304683" name="com.myLearning.Day25TestNGSuiteParallelExecution1" tests="2" failures="0" timestamp="21 Sep 2019 10:17:05 GMT" time="18.723" errors="0">
  <testcase name="testLoginAdmin" time="11.513" classname="com.myLearning.Day25TestNGSuiteParallelExecution1"/>
  <testcase name="testLoginUser" time="7.210" classname="com.myLearning.Day25TestNGSuiteParallelExecution1"/>
</testsuite> <!-- com.myLearning.Day25TestNGSuiteParallelExecution1 -->
