<?xml version="1.0" encoding="UTF-8"?>
<!-- Generated by org.testng.reporters.JUnitReportReporter -->
<testsuite skipped="0" hostname="WL304683" name="com.myLearning.Day22JavaScriptExecution" tests="1" failures="0" timestamp="21 Sep 2019 05:45:11 GMT" time="19.067" errors="0">
  <testcase name="downloadFile" time="19.067" classname="com.myLearning.Day22JavaScriptExecution"/>
</testsuite> <!-- com.myLearning.Day22JavaScriptExecution -->
