<?xml version="1.0" encoding="UTF-8"?>
<!-- Generated by org.testng.reporters.JUnitReportReporter -->
<testsuite skipped="0" hostname="WL304683" name="vikas.Day23WebDriverBrowserStackIntegration" tests="1" failures="0" timestamp="21 Apr 2019 11:31:23 GMT" time="11.166" errors="0">
  <testcase name="testCaseGoogleSearch" time="11.166" classname="vikas.Day23WebDriverBrowserStackIntegration"/>
</testsuite> <!-- vikas.Day23WebDriverBrowserStackIntegration -->
