<?xml version="1.0" encoding="UTF-8"?>
<!-- Generated by org.testng.reporters.JUnitReportReporter -->
<testsuite skipped="0" hostname="WL304683" name="vikas.Day11FramesHandling" tests="1" failures="0" timestamp="17 Sep 2019 12:10:10 GMT" time="7.619" errors="0">
  <testcase name="MultipleWindows" time="7.619" classname="vikas.Day11FramesHandling"/>
</testsuite> <!-- vikas.Day11FramesHandling -->
