<?xml version="1.0" encoding="UTF-8"?>
<!-- Generated by org.testng.reporters.JUnitReportReporter -->
<testsuite skipped="0" hostname="WL304683" name="windows.MultipleWindow1" tests="1" failures="0" timestamp="17 Mar 2019 12:43:34 GMT" time="4.410" errors="0">
  <testcase name="OpneWindows" time="4.410" classname="windows.MultipleWindow1"/>
</testsuite> <!-- windows.MultipleWindow1 -->
