<?xml version="1.0" encoding="UTF-8"?>
<!-- Generated by org.testng.reporters.JUnitReportReporter -->
<testsuite skipped="0" hostname="WL304683" name="windows.MultipleWindow" tests="1" failures="0" timestamp="16 Mar 2019 16:42:51 GMT" time="2.246" errors="0">
  <testcase name="MultipleWindows" time="2.246" classname="windows.MultipleWindow"/>
</testsuite> <!-- windows.MultipleWindow -->
