<?xml version="1.0" encoding="UTF-8"?>
<!-- Generated by org.testng.reporters.JUnitReportReporter -->
<testsuite skipped="0" hostname="WL304683" name="com.myLearning.Day25TestNGSuiteParallelExecution" tests="1" failures="0" timestamp="21 Sep 2019 10:07:05 GMT" time="9.741" errors="0">
  <testcase name="testLogin" time="9.741" classname="com.myLearning.Day25TestNGSuiteParallelExecution"/>
</testsuite> <!-- com.myLearning.Day25TestNGSuiteParallelExecution -->
