<?xml version="1.0" encoding="UTF-8"?>
<!-- Generated by org.testng.reporters.JUnitReportReporter -->
<testsuite skipped="0" hostname="WL304683" name="vikas.Day10AlertHandling" tests="1" failures="0" timestamp="17 Sep 2019 11:35:16 GMT" time="6.972" errors="0">
  <testcase name="alert" time="6.972" classname="vikas.Day10AlertHandling"/>
</testsuite> <!-- vikas.Day10AlertHandling -->
