<?xml version="1.0" encoding="UTF-8"?>
<!-- Generated by org.testng.reporters.JUnitReportReporter -->
<testsuite skipped="0" hostname="WL304683" name="windows.OpenWindowsInMultipleBrowsers" tests="1" failures="0" timestamp="17 Mar 2019 14:17:15 GMT" time="1.620" errors="0">
  <testcase name="OpneWindows" time="1.620" classname="windows.OpenWindowsInMultipleBrowsers"/>
</testsuite> <!-- windows.OpenWindowsInMultipleBrowsers -->
