<?xml version="1.0" encoding="UTF-8"?>
<!-- Generated by org.testng.reporters.JUnitReportReporter -->
<testsuite skipped="0" hostname="WL304683" name="vikas.Day17UploadFileDemo" tests="1" failures="0" timestamp="19 Apr 2019 19:19:07 GMT" time="8.755" errors="0">
  <testcase name="testCase1" time="8.755" classname="vikas.Day17UploadFileDemo"/>
</testsuite> <!-- vikas.Day17UploadFileDemo -->
