<?xml version="1.0" encoding="UTF-8"?>
<!-- Generated by org.testng.reporters.JUnitReportReporter -->
<testsuite skipped="0" hostname="WL304683" name="frameworks.SampleTestWithPageObjectModel" tests="1" failures="0" timestamp="22 Apr 2019 13:45:43 GMT" time="8.144" errors="0">
  <testcase name="testCase1" time="8.144" classname="frameworks.SampleTestWithPageObjectModel"/>
</testsuite> <!-- frameworks.SampleTestWithPageObjectModel -->
