<?xml version="1.0" encoding="UTF-8"?>
<!-- Generated by org.testng.reporters.JUnitReportReporter -->
<testsuite skipped="0" hostname="WL304683" name="frameworksLearning.SampleTestWithPageObjectModel" tests="1" failures="0" timestamp="22 Apr 2019 17:05:38 GMT" time="12.098" errors="0">
  <testcase name="testCase1" time="12.098" classname="frameworksLearning.SampleTestWithPageObjectModel"/>
</testsuite> <!-- frameworksLearning.SampleTestWithPageObjectModel -->
