<?xml version="1.0" encoding="UTF-8"?>
<!-- Generated by org.testng.reporters.JUnitReportReporter -->
<testsuite skipped="0" hostname="WL304683" name="selenium.Frames" tests="1" failures="0" timestamp="29 Mar 2019 06:28:50 GMT" time="1.536" errors="0">
  <testcase name="MultipleWindows" time="1.536" classname="selenium.Frames"/>
</testsuite> <!-- selenium.Frames -->
