<?xml version="1.0" encoding="UTF-8"?>
<!-- Generated by org.testng.reporters.JUnitReportReporter -->
<testsuite skipped="0" hostname="WL304683" name="vikas.Day09MultipleWebElementsFlipcartAutomation" tests="1" failures="0" timestamp="18 Apr 2019 07:19:42 GMT" time="20.873" errors="0">
  <testcase name="testSearch" time="20.873" classname="vikas.Day09MultipleWebElementsFlipcartAutomation"/>
</testsuite> <!-- vikas.Day09MultipleWebElementsFlipcartAutomation -->
