<?xml version="1.0" encoding="UTF-8"?>
<!-- Generated by org.testng.reporters.JUnitReportReporter -->
<testsuite skipped="0" hostname="WL304683" name="selenium.DependsOnMethods" tests="3" failures="0" timestamp="10 Mar 2019 14:12:04 GMT" time="0.027" errors="0">
  <testcase name="SignIn" time="0.001" classname="selenium.DependsOnMethods"/>
  <testcase name="OpenBrowser" time="0.024" classname="selenium.DependsOnMethods"/>
  <testcase name="LogOut" time="0.002" classname="selenium.DependsOnMethods"/>
</testsuite> <!-- selenium.DependsOnMethods -->
