<?xml version="1.0" encoding="UTF-8"?>
<!-- Generated by org.testng.reporters.JUnitReportReporter -->
<testsuite skipped="0" hostname="WL304683" name="vikas.Day13ActionsAPI" tests="1" failures="0" timestamp="19 Apr 2019 09:51:06 GMT" time="0.010" errors="0">
  <testcase name="MultipleWindows" time="0.010" classname="vikas.Day13ActionsAPI"/>
</testsuite> <!-- vikas.Day13ActionsAPI -->
