<?xml version="1.0" encoding="UTF-8"?>
<!-- Generated by org.testng.reporters.JUnitReportReporter -->
<testsuite skipped="0" hostname="WL304683" name="com.udemySeleniumClass.WikiDeutschByTestNG" tests="5" failures="0" timestamp="12 Nov 2019 04:07:44 GMT" time="33.473" errors="0">
  <testcase name="preRequisite" time="4.675" classname="com.udemySeleniumClass.WikiDeutschByTestNG"/>
  <testcase name="validate" time="1.216" classname="com.udemySeleniumClass.WikiDeutschByTestNG"/>
  <testcase name="lunchURL" time="12.255" classname="com.udemySeleniumClass.WikiDeutschByTestNG"/>
  <testcase name="clickOnDeutsch" time="10.829" classname="com.udemySeleniumClass.WikiDeutschByTestNG"/>
  <testcase name="searchSelenium" time="4.498" classname="com.udemySeleniumClass.WikiDeutschByTestNG"/>
</testsuite> <!-- com.udemySeleniumClass.WikiDeutschByTestNG -->
